<?xml version="1.0" encoding="UTF-8"?>
<testsuite name="LexerTest" tests="1" skipped="0" failures="0" errors="0" timestamp="2024-08-02T18:39:13" hostname="Mateos-MacBook-Pro.local" time="0.011">
  <properties/>
  <testcase name="testGetKeywordsWithEmptyString()" classname="LexerTest" time="0.011"/>
  <system-out><![CDATA[]]></system-out>
  <system-err><![CDATA[]]></system-err>
</testsuite>
